#
# There is insufficient memory for the Java Runtime Environment to continue.
# Native memory allocation (malloc) failed to allocate 1018944 bytes for Chunk::new
# Possible reasons:
#   The system is out of physical RAM or swap space
#   The process is running with CompressedOops enabled, and the Java Heap may be blocking the growth of the native heap
# Possible solutions:
#   Reduce memory load on the system
#   Increase physical memory or swap space
#   Check if swap backing store is full
#   Decrease Java heap size (-Xmx/-Xms)
#   Decrease number of Java threads
#   Decrease Java thread stack sizes (-Xss)
#   Set larger code cache with -XX:ReservedCodeCacheSize=
#   JVM is running with Unscaled Compressed Oops mode in which the Java heap is
#     placed in the first 4GB address space. The Java Heap base address is the
#     maximum limit for the native heap growth. Please use -XX:HeapBaseMinAddress
#     to set the Java Heap base and to place the Java Heap above 4GB virtual address.
# This output file may be truncated or incomplete.
#
#  Out of Memory Error (./open/src/hotspot/share/memory/arena.cpp:195), pid=19208, tid=15056
#
# JRE version: Java(TM) SE Runtime Environment (15.0.1+9) (build 15.0.1+9-18)
# Java VM: Java HotSpot(TM) 64-Bit Server VM (15.0.1+9-18, mixed mode, sharing, tiered, compressed oops, g1 gc, windows-amd64)
# No core dump will be written. Minidumps are not enabled by default on client versions of Windows
#

---------------  S U M M A R Y ------------

Command Line: -Dfile.encoding=UTF-8 -XX:+ShowCodeDetailsInExceptionMessages com.microservice.reservation.ReservationServiceApplication

Host: Intel(R) Core(TM) i5-8265U CPU @ 1.60GHz, 8 cores, 3G,  Windows 10 , 64 bit Build 22000 (10.0.22000.708)
Time: Mon Jun 20 12:04:19 2022 India Standard Time elapsed time: 432.895205 seconds (0d 0h 7m 12s)

---------------  T H R E A D  ---------------

Current thread (0x0000023cd4a62740):  JavaThread "C2 CompilerThread0" daemon [_thread_in_native, id=15056, stack(0x000000b483900000,0x000000b483a00000)]


Current CompileTask:
C2: 432895 8242       4       jdk.internal.org.objectweb.asm.MethodWriter::visitMethodInsn (191 bytes)

Stack: [0x000000b483900000,0x000000b483a00000]
Native frames: (J=compiled Java code, j=interpreted, Vv=VM code, C=native code)
V  [jvm.dll+0x62ae9a]
V  [jvm.dll+0x781389]
V  [jvm.dll+0x782ae3]
V  [jvm.dll+0x783143]
V  [jvm.dll+0x216265]
V  [jvm.dll+0x97efa]
V  [jvm.dll+0x985dc]
V  [jvm.dll+0x32e525]
V  [jvm.dll+0x18e2e1]
V  [jvm.dll+0x1ea762]
V  [jvm.dll+0x1e98ae]
V  [jvm.dll+0x1784c7]
V  [jvm.dll+0x1f9165]
V  [jvm.dll+0x1f720c]
V  [jvm.dll+0x74485d]
V  [jvm.dll+0x73d65a]
V  [jvm.dll+0x629c56]
C  [ucrtbase.dll+0x26c0c]
C  [KERNEL32.DLL+0x154e0]
C  [ntdll.dll+0x485b]


---------------  P R O C E S S  ---------------

Threads class SMR info:
_java_thread_list=0x0000023cdd03f920, length=20, elements={
0x0000023cd4a3a380, 0x0000023cd4a3af50, 0x0000023cd4a53020, 0x0000023cd4a539e0,
0x0000023cd4a54490, 0x0000023cd4a62740, 0x0000023cd4a66200, 0x0000023cd4a79fe0,
0x0000023cd5495290, 0x0000023cd549e410, 0x0000023cd81d8900, 0x0000023cd81daf80,
0x0000023cd81d8430, 0x0000023cd81d8dd0, 0x0000023cd81d6280, 0x0000023cd81d6c20,
0x0000023cd81da110, 0x0000023cd81d75c0, 0x0000023cd81d92a0, 0x0000023cd81d7f60
}

Java Threads: ( => current thread )
  0x0000023cd4a3a380 JavaThread "Reference Handler" daemon [_thread_blocked, id=18480, stack(0x000000b483400000,0x000000b483500000)]
  0x0000023cd4a3af50 JavaThread "Finalizer" daemon [_thread_blocked, id=11900, stack(0x000000b483500000,0x000000b483600000)]
  0x0000023cd4a53020 JavaThread "Signal Dispatcher" daemon [_thread_blocked, id=13032, stack(0x000000b483600000,0x000000b483700000)]
  0x0000023cd4a539e0 JavaThread "Attach Listener" daemon [_thread_blocked, id=25564, stack(0x000000b483700000,0x000000b483800000)]
  0x0000023cd4a54490 JavaThread "Service Thread" daemon [_thread_blocked, id=4904, stack(0x000000b483800000,0x000000b483900000)]
=>0x0000023cd4a62740 JavaThread "C2 CompilerThread0" daemon [_thread_in_native, id=15056, stack(0x000000b483900000,0x000000b483a00000)]
  0x0000023cd4a66200 JavaThread "C1 CompilerThread0" daemon [_thread_blocked, id=23612, stack(0x000000b483a00000,0x000000b483b00000)]
  0x0000023cd4a79fe0 JavaThread "Sweeper thread" daemon [_thread_blocked, id=14544, stack(0x000000b483b00000,0x000000b483c00000)]
  0x0000023cd5495290 JavaThread "Notification Thread" daemon [_thread_blocked, id=5400, stack(0x000000b483c00000,0x000000b483d00000)]
  0x0000023cd549e410 JavaThread "Common-Cleaner" daemon [_thread_blocked, id=1508, stack(0x000000b483e00000,0x000000b483f00000)]
  0x0000023cd81d8900 JavaThread "DestroyJavaVM" [_thread_blocked, id=23916, stack(0x000000b482d00000,0x000000b482e00000)]
  0x0000023cd81daf80 JavaThread "Thread-1" [_thread_blocked, id=21500, stack(0x000000b482c00000,0x000000b482d00000)]
  0x0000023cd81d8430 JavaThread "Thread-7" [_thread_blocked, id=16492, stack(0x000000b485000000,0x000000b485100000)]
  0x0000023cd81d8dd0 JavaThread "restartedMain" [_thread_in_vm, id=4776, stack(0x000000b484b00000,0x000000b484c00000)]
  0x0000023cd81d6280 JavaThread "File Watcher" daemon [_thread_blocked, id=16768, stack(0x000000b482b00000,0x000000b482c00000)]
  0x0000023cd81d6c20 JavaThread "Catalina-utility-1" [_thread_blocked, id=2924, stack(0x000000b484100000,0x000000b484200000)]
  0x0000023cd81da110 JavaThread "Catalina-utility-2" [_thread_blocked, id=21608, stack(0x000000b484900000,0x000000b484a00000)]
  0x0000023cd81d75c0 JavaThread "container-1" [_thread_blocked, id=12612, stack(0x000000b484a00000,0x000000b484b00000)]
  0x0000023cd81d92a0 JavaThread "cluster-ClusterId{value='62b014e640119b47b1fd8db3', description='null'}-localhost:27017" daemon [_thread_in_native, id=25536, stack(0x000000b484c00000,0x000000b484d00000)]
  0x0000023cd81d7f60 JavaThread "cluster-rtt-ClusterId{value='62b014e640119b47b1fd8db3', description='null'}-localhost:27017" daemon [_thread_blocked, id=23056, stack(0x000000b484d00000,0x000000b484e00000)]

Other Threads:
  0x0000023cd4a35ae0 VMThread "VM Thread" [stack: 0x000000b483300000,0x000000b483400000] [id=18488]
  0x0000023cd549d750 WatcherThread [stack: 0x000000b483d00000,0x000000b483e00000] [id=25484]
  0x0000023cb8614d50 GCTaskThread "GC Thread#0" [stack: 0x000000b482e00000,0x000000b482f00000] [id=25588]
  0x0000023cd5a472d0 GCTaskThread "GC Thread#1" [stack: 0x000000b483f00000,0x000000b484000000] [id=17612]
  0x0000023cd5a47600 GCTaskThread "GC Thread#2" [stack: 0x000000b484200000,0x000000b484300000] [id=24856]
  0x0000023cd5a45950 GCTaskThread "GC Thread#3" [stack: 0x000000b484300000,0x000000b484400000] [id=16140]
  0x0000023cd5a44fc0 GCTaskThread "GC Thread#4" [stack: 0x000000b484400000,0x000000b484500000] [id=9188]
  0x0000023cd5a47c60 GCTaskThread "GC Thread#5" [stack: 0x000000b484500000,0x000000b484600000] [id=21904]
  0x0000023cd5a462e0 GCTaskThread "GC Thread#6" [stack: 0x000000b484700000,0x000000b484800000] [id=7352]
  0x0000023cd5a485f0 GCTaskThread "GC Thread#7" [stack: 0x000000b484800000,0x000000b484900000] [id=23644]
  0x0000023cb861f410 ConcurrentGCThread "G1 Main Marker" [stack: 0x000000b482f00000,0x000000b483000000] [id=25528]
  0x0000023cb8621010 ConcurrentGCThread "G1 Conc#0" [stack: 0x000000b483000000,0x000000b483100000] [id=8300]
  0x0000023cd5a482c0 ConcurrentGCThread "G1 Conc#1" [stack: 0x000000b484600000,0x000000b484700000] [id=2488]
  0x0000023cb86812f0 ConcurrentGCThread "G1 Refine#0" [stack: 0x000000b483100000,0x000000b483200000] [id=18268]
  0x0000023cb8683c50 ConcurrentGCThread "G1 Young RemSet Sampling" [stack: 0x000000b483200000,0x000000b483300000] [id=21844]

Threads with active compile tasks:
C2 CompilerThread0   432992 8242       4       jdk.internal.org.objectweb.asm.MethodWriter::visitMethodInsn (191 bytes)

VM state: not at safepoint (normal execution)

VM Mutex/Monitor currently owned by a thread: None

Heap address: 0x00000000c1e00000, size: 994 MB, Compressed Oops mode: 32-bit
CDS archive(s) mapped at: [0x0000000800000000-0x0000000800b50000-0x0000000800b50000), size 11862016, SharedBaseAddress: 0x0000000800000000, ArchiveRelocationMode: 0.
Compressed class space mapped at: 0x0000000800b50000-0x0000000840b50000, size: 1073741824
Narrow klass base: 0x0000000800000000, Narrow klass shift: 3, Narrow klass range: 0x100000000

GC Precious Log:
 CPUs: 8 total, 8 available
 Memory: 3974M
 Large Page Support: Disabled
 NUMA Support: Disabled
 Compressed Oops: Enabled (32-bit)
 Heap Region Size: 1M
 Heap Min Capacity: 8M
 Heap Initial Capacity: 64M
 Heap Max Capacity: 994M
 Pre-touch: Disabled
 Parallel Workers: 8
 Concurrent Workers: 2
 Concurrent Refinement Workers: 8
 Periodic GC: Disabled

Heap:
 garbage-first heap   total 61440K, used 42431K [0x00000000c1e00000, 0x0000000100000000)
  region size 1024K, 14 young (14336K), 3 survivors (3072K)
 Metaspace       used 55691K, capacity 56439K, committed 56752K, reserved 1099776K
  class space    used 7029K, capacity 7306K, committed 7424K, reserved 1048576K

Heap Regions: E=young(eden), S=young(survivor), O=old, HS=humongous(starts), HC=humongous(continues), CS=collection set, F=free, OA=open archive, CA=closed archive, TAMS=top-at-mark-start (previous, next)
|   0|0x00000000c1e00000, 0x00000000c1efe120, 0x00000000c1f00000| 99%| O|  |TAMS 0x00000000c1efe120, 0x00000000c1e00000| Untracked 
|   1|0x00000000c1f00000, 0x00000000c1ffa0b0, 0x00000000c2000000| 97%| O|  |TAMS 0x00000000c1ffa0b0, 0x00000000c1f00000| Untracked 
|   2|0x00000000c2000000, 0x00000000c20ffff8, 0x00000000c2100000| 99%| O|  |TAMS 0x00000000c20ffff8, 0x00000000c2000000| Untracked 
|   3|0x00000000c2100000, 0x00000000c21ffff0, 0x00000000c2200000| 99%| O|  |TAMS 0x00000000c21ffff0, 0x00000000c2100000| Untracked 
|   4|0x00000000c2200000, 0x00000000c2300000, 0x00000000c2300000|100%| O|  |TAMS 0x00000000c2300000, 0x00000000c2200000| Untracked 
|   5|0x00000000c2300000, 0x00000000c23eb6b0, 0x00000000c2400000| 91%| O|  |TAMS 0x00000000c23eb6b0, 0x00000000c2300000| Untracked 
|   6|0x00000000c2400000, 0x00000000c24ffff8, 0x00000000c2500000| 99%| O|  |TAMS 0x00000000c24ffff8, 0x00000000c2400000| Untracked 
|   7|0x00000000c2500000, 0x00000000c25fffc8, 0x00000000c2600000| 99%| O|  |TAMS 0x00000000c25fffc8, 0x00000000c2500000| Untracked 
|   8|0x00000000c2600000, 0x00000000c26ffff8, 0x00000000c2700000| 99%| O|  |TAMS 0x00000000c26ffff8, 0x00000000c2600000| Untracked 
|   9|0x00000000c2700000, 0x00000000c27fffc8, 0x00000000c2800000| 99%| O|  |TAMS 0x00000000c27fffc8, 0x00000000c2700000| Untracked 
|  10|0x00000000c2800000, 0x00000000c28ffff8, 0x00000000c2900000| 99%| O|  |TAMS 0x00000000c28ffff8, 0x00000000c2800000| Untracked 
|  11|0x00000000c2900000, 0x00000000c29ffff0, 0x00000000c2a00000| 99%| O|  |TAMS 0x00000000c29ffff0, 0x00000000c2900000| Untracked 
|  12|0x00000000c2a00000, 0x00000000c2b00000, 0x00000000c2b00000|100%| O|  |TAMS 0x00000000c2b00000, 0x00000000c2a00000| Untracked 
|  13|0x00000000c2b00000, 0x00000000c2bfffe8, 0x00000000c2c00000| 99%| O|  |TAMS 0x00000000c2bfffe8, 0x00000000c2b00000| Untracked 
|  14|0x00000000c2c00000, 0x00000000c2cfffd0, 0x00000000c2d00000| 99%| O|  |TAMS 0x00000000c2cfffd0, 0x00000000c2c00000| Untracked 
|  15|0x00000000c2d00000, 0x00000000c2dffff0, 0x00000000c2e00000| 99%| O|  |TAMS 0x00000000c2dffff0, 0x00000000c2d00000| Untracked 
|  16|0x00000000c2e00000, 0x00000000c2efffe8, 0x00000000c2f00000| 99%| O|  |TAMS 0x00000000c2efffe8, 0x00000000c2e00000| Untracked 
|  17|0x00000000c2f00000, 0x00000000c2ffff78, 0x00000000c3000000| 99%| O|  |TAMS 0x00000000c2ffff78, 0x00000000c2f00000| Untracked 
|  18|0x00000000c3000000, 0x00000000c3100000, 0x00000000c3100000|100%| O|  |TAMS 0x00000000c3100000, 0x00000000c3000000| Untracked 
|  19|0x00000000c3100000, 0x00000000c31fffb0, 0x00000000c3200000| 99%| O|  |TAMS 0x00000000c31fffb0, 0x00000000c3100000| Untracked 
|  20|0x00000000c3200000, 0x00000000c32ffff0, 0x00000000c3300000| 99%| O|  |TAMS 0x00000000c32ffff0, 0x00000000c3200000| Untracked 
|  21|0x00000000c3300000, 0x00000000c33fffe8, 0x00000000c3400000| 99%| O|  |TAMS 0x00000000c33fffe8, 0x00000000c3300000| Untracked 
|  22|0x00000000c3400000, 0x00000000c3500000, 0x00000000c3500000|100%| O|  |TAMS 0x00000000c3500000, 0x00000000c3400000| Untracked 
|  23|0x00000000c3500000, 0x00000000c35ffff0, 0x00000000c3600000| 99%| O|  |TAMS 0x00000000c35ffff0, 0x00000000c3500000| Untracked 
|  24|0x00000000c3600000, 0x00000000c36f33c0, 0x00000000c3700000| 95%| O|  |TAMS 0x00000000c36f33c0, 0x00000000c3600000| Untracked 
|  25|0x00000000c3700000, 0x00000000c37d6408, 0x00000000c3800000| 83%| O|  |TAMS 0x00000000c37d6408, 0x00000000c3700000| Untracked 
|  26|0x00000000c3800000, 0x00000000c3900000, 0x00000000c3900000|100%| O|  |TAMS 0x00000000c3800000, 0x00000000c3800000| Untracked 
|  27|0x00000000c3900000, 0x00000000c39ffff8, 0x00000000c3a00000| 99%| O|  |TAMS 0x00000000c39ffff8, 0x00000000c3900000| Untracked 
|  28|0x00000000c3a00000, 0x00000000c3a0c678, 0x00000000c3b00000|  4%| O|  |TAMS 0x00000000c3a0c678, 0x00000000c3a00000| Untracked 
|  29|0x00000000c3b00000, 0x00000000c3baec00, 0x00000000c3c00000| 68%| O|  |TAMS 0x00000000c3b00000, 0x00000000c3b00000| Untracked 
|  30|0x00000000c3c00000, 0x00000000c3cefb20, 0x00000000c3d00000| 93%| O|  |TAMS 0x00000000c3cefb20, 0x00000000c3c00000| Untracked 
|  31|0x00000000c3d00000, 0x00000000c3dfd1c8, 0x00000000c3e00000| 98%| O|  |TAMS 0x00000000c3dfd1c8, 0x00000000c3d00000| Untracked 
|  32|0x00000000c3e00000, 0x00000000c3e00000, 0x00000000c3f00000|  0%| F|  |TAMS 0x00000000c3e00000, 0x00000000c3e00000| Untracked 
|  33|0x00000000c3f00000, 0x00000000c3f00000, 0x00000000c4000000|  0%| F|  |TAMS 0x00000000c3f00000, 0x00000000c3f00000| Untracked 
|  34|0x00000000c4000000, 0x00000000c4000000, 0x00000000c4100000|  0%| F|  |TAMS 0x00000000c4000000, 0x00000000c4000000| Untracked 
|  35|0x00000000c4100000, 0x00000000c4100000, 0x00000000c4200000|  0%| F|  |TAMS 0x00000000c4100000, 0x00000000c4100000| Untracked 
|  36|0x00000000c4200000, 0x00000000c4200000, 0x00000000c4300000|  0%| F|  |TAMS 0x00000000c4200000, 0x00000000c4200000| Untracked 
|  37|0x00000000c4300000, 0x00000000c4300000, 0x00000000c4400000|  0%| F|  |TAMS 0x00000000c4300000, 0x00000000c4300000| Untracked 
|  38|0x00000000c4400000, 0x00000000c4400000, 0x00000000c4500000|  0%| F|  |TAMS 0x00000000c4400000, 0x00000000c4400000| Untracked 
|  39|0x00000000c4500000, 0x00000000c4500000, 0x00000000c4600000|  0%| F|  |TAMS 0x00000000c4500000, 0x00000000c4500000| Untracked 
|  40|0x00000000c4600000, 0x00000000c4600000, 0x00000000c4700000|  0%| F|  |TAMS 0x00000000c4600000, 0x00000000c4600000| Untracked 
|  41|0x00000000c4700000, 0x00000000c471b130, 0x00000000c4800000| 10%| S|CS|TAMS 0x00000000c4700000, 0x00000000c4700000| Complete 
|  42|0x00000000c4800000, 0x00000000c4900000, 0x00000000c4900000|100%| S|CS|TAMS 0x00000000c4800000, 0x00000000c4800000| Complete 
|  43|0x00000000c4900000, 0x00000000c4a00000, 0x00000000c4a00000|100%| S|CS|TAMS 0x00000000c4900000, 0x00000000c4900000| Complete 
|  44|0x00000000c4a00000, 0x00000000c4a00000, 0x00000000c4b00000|  0%| F|  |TAMS 0x00000000c4a00000, 0x00000000c4a00000| Untracked 
|  45|0x00000000c4b00000, 0x00000000c4b00000, 0x00000000c4c00000|  0%| F|  |TAMS 0x00000000c4b00000, 0x00000000c4b00000| Untracked 
|  46|0x00000000c4c00000, 0x00000000c4c00000, 0x00000000c4d00000|  0%| F|  |TAMS 0x00000000c4c00000, 0x00000000c4c00000| Untracked 
|  47|0x00000000c4d00000, 0x00000000c4d00000, 0x00000000c4e00000|  0%| F|  |TAMS 0x00000000c4d00000, 0x00000000c4d00000| Untracked 
|  48|0x00000000c4e00000, 0x00000000c4e00000, 0x00000000c4f00000|  0%| F|  |TAMS 0x00000000c4e00000, 0x00000000c4e00000| Untracked 
|  49|0x00000000c4f00000, 0x00000000c4f074d0, 0x00000000c5000000|  2%| E|  |TAMS 0x00000000c4f00000, 0x00000000c4f00000| Complete 
|  50|0x00000000c5000000, 0x00000000c5100000, 0x00000000c5100000|100%| E|CS|TAMS 0x00000000c5000000, 0x00000000c5000000| Complete 
|  51|0x00000000c5100000, 0x00000000c5200000, 0x00000000c5200000|100%| E|CS|TAMS 0x00000000c5100000, 0x00000000c5100000| Complete 
|  52|0x00000000c5200000, 0x00000000c5300000, 0x00000000c5300000|100%| E|CS|TAMS 0x00000000c5200000, 0x00000000c5200000| Complete 
|  53|0x00000000c5300000, 0x00000000c5400000, 0x00000000c5400000|100%| E|CS|TAMS 0x00000000c5300000, 0x00000000c5300000| Complete 
|  54|0x00000000c5400000, 0x00000000c5500000, 0x00000000c5500000|100%| E|CS|TAMS 0x00000000c5400000, 0x00000000c5400000| Complete 
|  55|0x00000000c5500000, 0x00000000c5600000, 0x00000000c5600000|100%| E|CS|TAMS 0x00000000c5500000, 0x00000000c5500000| Complete 
|  56|0x00000000c5600000, 0x00000000c5700000, 0x00000000c5700000|100%| E|  |TAMS 0x00000000c5600000, 0x00000000c5600000| Complete 
|  57|0x00000000c5700000, 0x00000000c5800000, 0x00000000c5800000|100%| E|CS|TAMS 0x00000000c5700000, 0x00000000c5700000| Complete 
|  58|0x00000000c5800000, 0x00000000c5900000, 0x00000000c5900000|100%| E|CS|TAMS 0x00000000c5800000, 0x00000000c5800000| Complete 
|  63|0x00000000c5d00000, 0x00000000c5e00000, 0x00000000c5e00000|100%| E|CS|TAMS 0x00000000c5d00000, 0x00000000c5d00000| Complete 

Card table byte_map: [0x0000023ccfd40000,0x0000023ccff40000] _byte_map_base: 0x0000023ccf731000

Marking Bits (Prev, Next): (CMBitMap*) 0x0000023cb8616610, (CMBitMap*) 0x0000023cb86165d0
 Prev Bits: [0x0000023cd10d0000, 0x0000023cd2058000)
 Next Bits: [0x0000023cd0140000, 0x0000023cd10c8000)

Polling page: 0x0000023cb7db0000

Metaspace:

Usage:
  Non-class:     47.98 MB capacity,    47.52 MB (>99%) used,   389.20 KB ( <1%) free+waste,    81.50 KB ( <1%) overhead. 
      Class:      7.13 MB capacity,     6.86 MB ( 96%) used,   244.93 KB (  3%) free+waste,    31.94 KB ( <1%) overhead. 
       Both:     55.12 MB capacity,    54.39 MB ( 99%) used,   634.13 KB (  1%) free+waste,   113.44 KB ( <1%) overhead. 

Virtual space:
  Non-class space:       50.00 MB reserved,      48.17 MB ( 96%) committed 
      Class space:        1.00 GB reserved,       7.25 MB ( <1%) committed 
             Both:        1.05 GB reserved,      55.42 MB (  5%) committed 

Chunk freelists:
   Non-Class:  3.00 KB
       Class:  22.00 KB
        Both:  25.00 KB

MaxMetaspaceSize: 17179869184.00 GB
CompressedClassSpaceSize: 1.00 GB

CodeHeap 'non-profiled nmethods': size=120000Kb used=4819Kb max_used=4819Kb free=115180Kb
 bounds [0x0000023cc82e0000, 0x0000023cc87a0000, 0x0000023ccf810000]
CodeHeap 'profiled nmethods': size=120000Kb used=14445Kb max_used=14445Kb free=105555Kb
 bounds [0x0000023cc0db0000, 0x0000023cc1bd0000, 0x0000023cc82e0000]
CodeHeap 'non-nmethods': size=5760Kb used=1288Kb max_used=1410Kb free=4471Kb
 bounds [0x0000023cc0810000, 0x0000023cc0a80000, 0x0000023cc0db0000]
 total_blobs=7750 nmethods=7173 adapters=489
 compilation: enabled
              stopped_count=0, restarted_count=0
 full_count=0

Compilation events (20 events):
Event: 432.221 Thread 0x0000023cd4a66200 nmethod 8233 0x0000023cc1bc7690 code [0x0000023cc1bc7840, 0x0000023cc1bc7988]
Event: 432.227 Thread 0x0000023cd4a62740 8237       4       java.util.stream.Sink::begin (1 bytes)
Event: 432.227 Thread 0x0000023cd4a62740 nmethod 8237 0x0000023cc8794090 code [0x0000023cc8794200, 0x0000023cc8794258]
Event: 432.229 Thread 0x0000023cd4a66200 8234       3       org.springframework.data.repository.core.support.MethodLookups$$Lambda$828/0x000000080105da90::test (6 bytes)
Event: 432.238 Thread 0x0000023cd4a66200 nmethod 8234 0x0000023cc1bc7a10 code [0x0000023cc1bc7bc0, 0x0000023cc1bc7ce8]
Event: 432.238 Thread 0x0000023cd4a66200 8235       3       org.springframework.data.repository.core.support.MethodLookups::lambda$direct$0 (45 bytes)
Event: 432.239 Thread 0x0000023cd4a66200 nmethod 8235 0x0000023cc1bc7d90 code [0x0000023cc1bc7fc0, 0x0000023cc1bc8898]
Event: 432.239 Thread 0x0000023cd4a66200 8236       3       org.springframework.data.repository.core.support.MethodLookup$InvokedMethod::getName (8 bytes)
Event: 432.239 Thread 0x0000023cd4a66200 nmethod 8236 0x0000023cc1bc8c10 code [0x0000023cc1bc8da0, 0x0000023cc1bc8eb8]
Event: 432.253 Thread 0x0000023cd4a66200 8238       3       org.springframework.data.repository.core.support.RepositoryComposition$$Lambda$842/0x0000000801062b50::get (8 bytes)
Event: 432.271 Thread 0x0000023cd4a66200 nmethod 8238 0x0000023cc1bc8f90 code [0x0000023cc1bc91e0, 0x0000023cc1bc9ca8]
Event: 432.271 Thread 0x0000023cd4a66200 8239       3       org.springframework.data.repository.core.support.RepositoryComposition$RepositoryFragments::methods (15 bytes)
Event: 432.272 Thread 0x0000023cd4a66200 nmethod 8239 0x0000023cc1bca010 code [0x0000023cc1bca260, 0x0000023cc1bcacc8]
Event: 432.272 Thread 0x0000023cd4a66200 8240       3       org.springframework.data.repository.core.support.RepositoryComposition$RepositoryFragments$$Lambda$845/0x0000000801063220::<init> (15 bytes)
Event: 432.278 Thread 0x0000023cd4a66200 nmethod 8240 0x0000023cc1bcaf90 code [0x0000023cc1bcb140, 0x0000023cc1bcb358]
Event: 432.400 Thread 0x0000023cd4a62740 8241       4       java.util.StringJoiner::getChars (15 bytes)
Event: 432.405 Thread 0x0000023cd4a62740 nmethod 8241 0x0000023cc8794390 code [0x0000023cc8794520, 0x0000023cc8794778]
Event: 432.450 Thread 0x0000023cd4a62740 8242       4       jdk.internal.org.objectweb.asm.MethodWriter::visitMethodInsn (191 bytes)
Event: 432.780 Thread 0x0000023cd4a66200 8247       1       org.springframework.aop.framework.ProxyConfig::isFrozen (5 bytes)
Event: 432.781 Thread 0x0000023cd4a66200 nmethod 8247 0x0000023cc8794a10 code [0x0000023cc8794ba0, 0x0000023cc8794c58]

GC Heap History (20 events):
Event: 363.137 GC heap before
{Heap before GC invocations=29 (full 1):
 garbage-first heap   total 58368K, used 43071K [0x00000000c1e00000, 0x0000000100000000)
  region size 1024K, 17 young (17408K), 2 survivors (2048K)
 Metaspace       used 54509K, capacity 55116K, committed 55344K, reserved 1097728K
  class space    used 6966K, capacity 7175K, committed 7296K, reserved 1048576K
}
Event: 363.143 GC heap after
{Heap after GC invocations=30 (full 1):
 garbage-first heap   total 58368K, used 28845K [0x00000000c1e00000, 0x0000000100000000)
  region size 1024K, 3 young (3072K), 3 survivors (3072K)
 Metaspace       used 54509K, capacity 55116K, committed 55344K, reserved 1097728K
  class space    used 6966K, capacity 7175K, committed 7296K, reserved 1048576K
}
Event: 366.096 GC heap before
{Heap before GC invocations=31 (full 1):
 garbage-first heap   total 58368K, used 44205K [0x00000000c1e00000, 0x0000000100000000)
  region size 1024K, 18 young (18432K), 3 survivors (3072K)
 Metaspace       used 54648K, capacity 55213K, committed 55344K, reserved 1097728K
  class space    used 6969K, capacity 7180K, committed 7296K, reserved 1048576K
}
Event: 366.186 GC heap after
{Heap after GC invocations=32 (full 1):
 garbage-first heap   total 58368K, used 29480K [0x00000000c1e00000, 0x0000000100000000)
  region size 1024K, 3 young (3072K), 3 survivors (3072K)
 Metaspace       used 54648K, capacity 55213K, committed 55344K, reserved 1097728K
  class space    used 6969K, capacity 7180K, committed 7296K, reserved 1048576K
}
Event: 366.364 GC heap before
{Heap before GC invocations=32 (full 1):
 garbage-first heap   total 58368K, used 29480K [0x00000000c1e00000, 0x0000000100000000)
  region size 1024K, 4 young (4096K), 3 survivors (3072K)
 Metaspace       used 54648K, capacity 55213K, committed 55344K, reserved 1097728K
  class space    used 6969K, capacity 7180K, committed 7296K, reserved 1048576K
}
Event: 366.543 GC heap after
{Heap after GC invocations=33 (full 1):
 garbage-first heap   total 58368K, used 29685K [0x00000000c1e00000, 0x0000000100000000)
  region size 1024K, 1 young (1024K), 1 survivors (1024K)
 Metaspace       used 54648K, capacity 55213K, committed 55344K, reserved 1097728K
  class space    used 6969K, capacity 7180K, committed 7296K, reserved 1048576K
}
Event: 367.769 GC heap before
{Heap before GC invocations=33 (full 1):
 garbage-first heap   total 58368K, used 45045K [0x00000000c1e00000, 0x0000000100000000)
  region size 1024K, 17 young (17408K), 1 survivors (1024K)
 Metaspace       used 54659K, capacity 55277K, committed 55600K, reserved 1097728K
  class space    used 6969K, capacity 7180K, committed 7296K, reserved 1048576K
}
Event: 367.801 GC heap after
{Heap after GC invocations=34 (full 1):
 garbage-first heap   total 58368K, used 29971K [0x00000000c1e00000, 0x0000000100000000)
  region size 1024K, 1 young (1024K), 1 survivors (1024K)
 Metaspace       used 54659K, capacity 55277K, committed 55600K, reserved 1097728K
  class space    used 6969K, capacity 7180K, committed 7296K, reserved 1048576K
}
Event: 385.737 GC heap before
{Heap before GC invocations=35 (full 1):
 garbage-first heap   total 58368K, used 46355K [0x00000000c1e00000, 0x0000000100000000)
  region size 1024K, 18 young (18432K), 1 survivors (1024K)
 Metaspace       used 54944K, capacity 55571K, committed 55856K, reserved 1097728K
  class space    used 6980K, capacity 7193K, committed 7296K, reserved 1048576K
}
Event: 385.807 GC heap after
{Heap after GC invocations=36 (full 1):
 garbage-first heap   total 58368K, used 31137K [0x00000000c1e00000, 0x0000000100000000)
  region size 1024K, 2 young (2048K), 2 survivors (2048K)
 Metaspace       used 54944K, capacity 55571K, committed 55856K, reserved 1097728K
  class space    used 6980K, capacity 7193K, committed 7296K, reserved 1048576K
}
Event: 391.751 GC heap before
{Heap before GC invocations=36 (full 1):
 garbage-first heap   total 58368K, used 43425K [0x00000000c1e00000, 0x0000000100000000)
  region size 1024K, 15 young (15360K), 2 survivors (2048K)
 Metaspace       used 55176K, capacity 55871K, committed 56112K, reserved 1097728K
  class space    used 6987K, capacity 7227K, committed 7296K, reserved 1048576K
}
Event: 392.054 GC heap after
{Heap after GC invocations=37 (full 2):
 garbage-first heap   total 58368K, used 29336K [0x00000000c1e00000, 0x0000000100000000)
  region size 1024K, 0 young (0K), 0 survivors (0K)
 Metaspace       used 55176K, capacity 55871K, committed 56112K, reserved 1097728K
  class space    used 6987K, capacity 7227K, committed 7296K, reserved 1048576K
}
Event: 399.203 GC heap before
{Heap before GC invocations=37 (full 2):
 garbage-first heap   total 58368K, used 45720K [0x00000000c1e00000, 0x0000000100000000)
  region size 1024K, 17 young (17408K), 0 survivors (0K)
 Metaspace       used 55410K, capacity 56049K, committed 56112K, reserved 1097728K
  class space    used 7016K, capacity 7264K, committed 7296K, reserved 1048576K
}
Event: 399.265 GC heap after
{Heap after GC invocations=38 (full 2):
 garbage-first heap   total 58368K, used 30526K [0x00000000c1e00000, 0x0000000100000000)
  region size 1024K, 2 young (2048K), 2 survivors (2048K)
 Metaspace       used 55410K, capacity 56049K, committed 56112K, reserved 1097728K
  class space    used 7016K, capacity 7264K, committed 7296K, reserved 1048576K
}
Event: 404.897 GC heap before
{Heap before GC invocations=39 (full 2):
 garbage-first heap   total 61440K, used 45886K [0x00000000c1e00000, 0x0000000100000000)
  region size 1024K, 17 young (17408K), 2 survivors (2048K)
 Metaspace       used 55426K, capacity 56059K, committed 56112K, reserved 1097728K
  class space    used 7018K, capacity 7266K, committed 7296K, reserved 1048576K
}
Event: 405.048 GC heap after
{Heap after GC invocations=40 (full 2):
 garbage-first heap   total 61440K, used 31715K [0x00000000c1e00000, 0x0000000100000000)
  region size 1024K, 3 young (3072K), 3 survivors (3072K)
 Metaspace       used 55426K, capacity 56059K, committed 56112K, reserved 1097728K
  class space    used 7018K, capacity 7266K, committed 7296K, reserved 1048576K
}
Event: 418.102 GC heap before
{Heap before GC invocations=40 (full 2):
 garbage-first heap   total 61440K, used 49123K [0x00000000c1e00000, 0x0000000100000000)
  region size 1024K, 20 young (20480K), 3 survivors (3072K)
 Metaspace       used 55533K, capacity 56204K, committed 56368K, reserved 1097728K
  class space    used 7022K, capacity 7270K, committed 7296K, reserved 1048576K
}
Event: 418.232 GC heap after
{Heap after GC invocations=41 (full 2):
 garbage-first heap   total 61440K, used 32509K [0x00000000c1e00000, 0x0000000100000000)
  region size 1024K, 3 young (3072K), 3 survivors (3072K)
 Metaspace       used 55533K, capacity 56204K, committed 56368K, reserved 1097728K
  class space    used 7022K, capacity 7270K, committed 7296K, reserved 1048576K
}
Event: 424.886 GC heap before
{Heap before GC invocations=42 (full 2):
 garbage-first heap   total 61440K, used 47869K [0x00000000c1e00000, 0x0000000100000000)
  region size 1024K, 19 young (19456K), 3 survivors (3072K)
 Metaspace       used 55560K, capacity 56268K, committed 56368K, reserved 1097728K
  class space    used 7022K, capacity 7270K, committed 7296K, reserved 1048576K
}
Event: 424.929 GC heap after
{Heap after GC invocations=43 (full 2):
 garbage-first heap   total 61440K, used 33215K [0x00000000c1e00000, 0x0000000100000000)
  region size 1024K, 3 young (3072K), 3 survivors (3072K)
 Metaspace       used 55560K, capacity 56268K, committed 56368K, reserved 1097728K
  class space    used 7022K, capacity 7270K, committed 7296K, reserved 1048576K
}

Deoptimization events (20 events):
Event: 429.515 Thread 0x0000023cd81d8dd0 Uncommon trap: trap_request=0xffffffbe fr.pc=0x0000023cc8782830 relative=0x0000000000000390
Event: 429.515 Thread 0x0000023cd81d8dd0 Uncommon trap: reason=profile_predicate action=maybe_recompile pc=0x0000023cc8782830 method=java.util.LinkedHashMap.valuesToArray([Ljava/lang/Object;)[Ljava/lang/Object; @ 12 c2
Event: 429.515 Thread 0x0000023cd81d8dd0 DEOPT PACKING pc=0x0000023cc8782830 sp=0x000000b484bf8f20
Event: 429.515 Thread 0x0000023cd81d8dd0 DEOPT UNPACKING pc=0x0000023cc085e42f sp=0x000000b484bf8e70 mode 2
Event: 429.756 Thread 0x0000023cd81d8dd0 Uncommon trap: trap_request=0xffffffd6 fr.pc=0x0000023cc87839d8 relative=0x00000000000003b8
Event: 429.756 Thread 0x0000023cd81d8dd0 Uncommon trap: reason=array_check action=maybe_recompile pc=0x0000023cc87839d8 method=java.util.LinkedHashMap.valuesToArray([Ljava/lang/Object;)[Ljava/lang/Object; @ 25 c2
Event: 429.756 Thread 0x0000023cd81d8dd0 DEOPT PACKING pc=0x0000023cc87839d8 sp=0x000000b484bf8f20
Event: 429.762 Thread 0x0000023cd81d8dd0 DEOPT UNPACKING pc=0x0000023cc085e42f sp=0x000000b484bf8ed8 mode 2
Event: 429.920 Thread 0x0000023cd81d8dd0 Uncommon trap: trap_request=0xffffffd6 fr.pc=0x0000023cc87839d8 relative=0x00000000000003b8
Event: 429.920 Thread 0x0000023cd81d8dd0 Uncommon trap: reason=array_check action=maybe_recompile pc=0x0000023cc87839d8 method=java.util.LinkedHashMap.valuesToArray([Ljava/lang/Object;)[Ljava/lang/Object; @ 25 c2
Event: 429.920 Thread 0x0000023cd81d8dd0 DEOPT PACKING pc=0x0000023cc87839d8 sp=0x000000b484bf8960
Event: 429.920 Thread 0x0000023cd81d8dd0 DEOPT UNPACKING pc=0x0000023cc085e42f sp=0x000000b484bf8918 mode 2
Event: 429.921 Thread 0x0000023cd81d8dd0 Uncommon trap: trap_request=0xffffffd6 fr.pc=0x0000023cc87839d8 relative=0x00000000000003b8
Event: 429.921 Thread 0x0000023cd81d8dd0 Uncommon trap: reason=array_check action=maybe_recompile pc=0x0000023cc87839d8 method=java.util.LinkedHashMap.valuesToArray([Ljava/lang/Object;)[Ljava/lang/Object; @ 25 c2
Event: 429.921 Thread 0x0000023cd81d8dd0 DEOPT PACKING pc=0x0000023cc87839d8 sp=0x000000b484bf86c0
Event: 429.923 Thread 0x0000023cd81d8dd0 DEOPT UNPACKING pc=0x0000023cc085e42f sp=0x000000b484bf8678 mode 2
Event: 430.048 Thread 0x0000023cd81d8dd0 Uncommon trap: trap_request=0xffffffd6 fr.pc=0x0000023cc87839d8 relative=0x00000000000003b8
Event: 430.048 Thread 0x0000023cd81d8dd0 Uncommon trap: reason=array_check action=maybe_recompile pc=0x0000023cc87839d8 method=java.util.LinkedHashMap.valuesToArray([Ljava/lang/Object;)[Ljava/lang/Object; @ 25 c2
Event: 430.048 Thread 0x0000023cd81d8dd0 DEOPT PACKING pc=0x0000023cc87839d8 sp=0x000000b484bf74f0
Event: 430.050 Thread 0x0000023cd81d8dd0 DEOPT UNPACKING pc=0x0000023cc085e42f sp=0x000000b484bf74a8 mode 2

Classes unloaded (0 events):
No events

Classes redefined (0 events):
No events

Internal exceptions (20 events):
Event: 428.747 Thread 0x0000023cd81d92a0 Exception <a 'java/io/IOException'{0x00000000c5350188}> (0x00000000c5350188) 
thrown [./open/src/hotspot/share/prims/jni.cpp, line 578]
Event: 428.747 Thread 0x0000023cd81d92a0 Exception <a 'java/io/IOException'{0x00000000c5350498}> (0x00000000c5350498) 
thrown [./open/src/hotspot/share/prims/jni.cpp, line 578]
Event: 428.749 Thread 0x0000023cd81d92a0 Exception <a 'java/io/IOException'{0x00000000c5352840}> (0x00000000c5352840) 
thrown [./open/src/hotspot/share/prims/jni.cpp, line 578]
Event: 428.749 Thread 0x0000023cd81d92a0 Exception <a 'java/io/IOException'{0x00000000c5352b50}> (0x00000000c5352b50) 
thrown [./open/src/hotspot/share/prims/jni.cpp, line 578]
Event: 428.757 Thread 0x0000023cd81d7f60 Exception <a 'java/io/IOException'{0x00000000c5369cd0}> (0x00000000c5369cd0) 
thrown [./open/src/hotspot/share/prims/jni.cpp, line 578]
Event: 428.763 Thread 0x0000023cd81d7f60 Exception <a 'java/io/IOException'{0x00000000c5369fe0}> (0x00000000c5369fe0) 
thrown [./open/src/hotspot/share/prims/jni.cpp, line 578]
Event: 428.812 Thread 0x0000023cd81d8dd0 Exception <a 'java/io/IOException'{0x00000000c5387c20}> (0x00000000c5387c20) 
thrown [./open/src/hotspot/share/prims/jni.cpp, line 578]
Event: 428.812 Thread 0x0000023cd81d8dd0 Exception <a 'java/io/IOException'{0x00000000c53889d0}> (0x00000000c53889d0) 
thrown [./open/src/hotspot/share/prims/jni.cpp, line 578]
Event: 429.646 Thread 0x0000023cd81d8dd0 Exception <a 'java/lang/ClassNotFoundException'{0x00000000c53b6280}: java/lang/ObjectCustomizer> (0x00000000c53b6280) 
thrown [./open/src/hotspot/share/classfile/systemDictionary.cpp, line 295]
Event: 429.693 Thread 0x0000023cd81d8dd0 Exception <a 'java/lang/ClassNotFoundException'{0x00000000c53c7d08}: com/microservice/reservation/entity/GuestCustomizer> (0x00000000c53c7d08) 
thrown [./open/src/hotspot/share/classfile/systemDictionary.cpp, line 295]
Event: 430.207 Thread 0x0000023cd81d8dd0 Exception <a 'java/net/BindException'{0x00000000c5242170}: Address already in use: bind> (0x00000000c5242170) 
thrown [./open/src/hotspot/share/prims/jni.cpp, line 599]
Event: 430.254 Thread 0x0000023cd81d8dd0 Exception <a 'java/net/SocketException'{0x00000000c5242f48}: Socket is not connected: shutdown> (0x00000000c5242f48) 
thrown [./open/src/hotspot/share/prims/jni.cpp, line 599]
Event: 430.260 Thread 0x0000023cd81d8dd0 Exception <a 'java/io/IOException'{0x00000000c5244d28}> (0x00000000c5244d28) 
thrown [./open/src/hotspot/share/prims/jni.cpp, line 578]
Event: 430.262 Thread 0x0000023cd81d8dd0 Exception <a 'java/io/IOException'{0x00000000c5245ad8}> (0x00000000c5245ad8) 
thrown [./open/src/hotspot/share/prims/jni.cpp, line 578]
Event: 431.941 Thread 0x0000023cd81d8dd0 Exception <a 'java/lang/ClassNotFoundException'{0x00000000c5133c68}: java/lang/ObjectCustomizer> (0x00000000c5133c68) 
thrown [./open/src/hotspot/share/classfile/systemDictionary.cpp, line 295]
Event: 431.948 Thread 0x0000023cd81d8dd0 Exception <a 'java/lang/ClassNotFoundException'{0x00000000c513dea0}: com/microservice/reservation/entity/ReservationCustomizer> (0x00000000c513dea0) 
thrown [./open/src/hotspot/share/classfile/systemDictionary.cpp, line 295]
Event: 431.971 Thread 0x0000023cd81d8dd0 Exception <a 'java/lang/ClassNotFoundException'{0x00000000c517f6a0}: java/lang/ObjectCustomizer> (0x00000000c517f6a0) 
thrown [./open/src/hotspot/share/classfile/systemDictionary.cpp, line 295]
Event: 431.981 Thread 0x0000023cd81d8dd0 Exception <a 'java/lang/ClassNotFoundException'{0x00000000c5189728}: com/microservice/reservation/entity/RoomCustomizer> (0x00000000c5189728) 
thrown [./open/src/hotspot/share/classfile/systemDictionary.cpp, line 295]
Event: 432.042 Thread 0x0000023cd81d8dd0 Exception <a 'java/io/IOException'{0x00000000c51c4758}> (0x00000000c51c4758) 
thrown [./open/src/hotspot/share/prims/jni.cpp, line 578]
Event: 432.042 Thread 0x0000023cd81d8dd0 Exception <a 'java/io/IOException'{0x00000000c51c5260}> (0x00000000c51c5260) 
thrown [./open/src/hotspot/share/prims/jni.cpp, line 578]

Events (20 events):
Event: 424.929 Executing VM operation: G1CollectForAllocation done
Event: 426.279 Thread 0x0000023cd81d6c20 Thread added: 0x0000023cd81d6c20
Event: 426.288 Thread 0x0000023cd81da110 Thread added: 0x0000023cd81da110
Event: 426.304 Thread 0x0000023cd81d75c0 Thread added: 0x0000023cd81d75c0
Event: 426.966 Executing VM operation: HandshakeAllThreads
Event: 426.992 Executing VM operation: HandshakeAllThreads done
Event: 428.462 Thread 0x0000023cd81d92a0 Thread added: 0x0000023cd81d92a0
Event: 428.463 Thread 0x0000023cd81d7f60 Thread added: 0x0000023cd81d7f60
Event: 429.642 loading class java/lang/ObjectCustomizer
Event: 429.644 loading class java/lang/ObjectCustomizer done
Event: 429.646 loading class java/lang/ObjectCustomizer
Event: 429.646 loading class java/lang/ObjectCustomizer done
Event: 431.941 loading class java/lang/ObjectCustomizer
Event: 431.941 loading class java/lang/ObjectCustomizer done
Event: 431.941 loading class java/lang/ObjectCustomizer
Event: 431.941 loading class java/lang/ObjectCustomizer done
Event: 431.971 loading class java/lang/ObjectCustomizer
Event: 431.971 loading class java/lang/ObjectCustomizer done
Event: 431.971 loading class java/lang/ObjectCustomizer
Event: 431.971 loading class java/lang/ObjectCustomizer done


Dynamic libraries:
0x00007ff65e8c0000 - 0x00007ff65e8cf000 	C:\Program Files\Java\jdk-15.0.1\bin\javaw.exe
0x00007ffeaa8c0000 - 0x00007ffeaaac9000 	C:\WINDOWS\SYSTEM32\ntdll.dll
0x00007ffeaa440000 - 0x00007ffeaa4fd000 	C:\WINDOWS\System32\KERNEL32.DLL
0x00007ffea7f60000 - 0x00007ffea82d9000 	C:\WINDOWS\System32\KERNELBASE.dll
0x00007ffea7e40000 - 0x00007ffea7f51000 	C:\WINDOWS\System32\ucrtbase.dll
0x00007ffe91940000 - 0x00007ffe91959000 	C:\Program Files\Java\jdk-15.0.1\bin\VCRUNTIME140.dll
0x00007ffea1060000 - 0x00007ffea1078000 	C:\Program Files\Java\jdk-15.0.1\bin\jli.dll
0x00007ffea9f20000 - 0x00007ffea9fce000 	C:\WINDOWS\System32\ADVAPI32.dll
0x00007ffea8e10000 - 0x00007ffea8eb3000 	C:\WINDOWS\System32\msvcrt.dll
0x00007ffea9770000 - 0x00007ffea980e000 	C:\WINDOWS\System32\sechost.dll
0x00007ffeaa620000 - 0x00007ffeaa740000 	C:\WINDOWS\System32\RPCRT4.dll
0x00007ffea9ab0000 - 0x00007ffea9c5c000 	C:\WINDOWS\System32\USER32.dll
0x00007ffea84c0000 - 0x00007ffea84e6000 	C:\WINDOWS\System32\win32u.dll
0x00007ffe8d2b0000 - 0x00007ffe8d555000 	C:\WINDOWS\WinSxS\amd64_microsoft.windows.common-controls_6595b64144ccf1df_6.0.22000.120_none_9d947278b86cc467\COMCTL32.dll
0x00007ffea9810000 - 0x00007ffea9839000 	C:\WINDOWS\System32\GDI32.dll
0x00007ffea83a0000 - 0x00007ffea84b2000 	C:\WINDOWS\System32\gdi32full.dll
0x00007ffea7da0000 - 0x00007ffea7e3d000 	C:\WINDOWS\System32\msvcp_win.dll
0x00007ffea0ac0000 - 0x00007ffea0aca000 	C:\WINDOWS\SYSTEM32\VERSION.dll
0x00007ffea9840000 - 0x00007ffea9871000 	C:\WINDOWS\System32\IMM32.DLL
0x00007ffea4ec0000 - 0x00007ffea4ecc000 	C:\Program Files\Java\jdk-15.0.1\bin\vcruntime140_1.dll
0x00007ffe82400000 - 0x00007ffe82491000 	C:\Program Files\Java\jdk-15.0.1\bin\msvcp140.dll
0x00007ffe28240000 - 0x00007ffe28d9e000 	C:\Program Files\Java\jdk-15.0.1\bin\server\jvm.dll
0x00007ffea9680000 - 0x00007ffea9688000 	C:\WINDOWS\System32\PSAPI.DLL
0x00007ffea0e60000 - 0x00007ffea0e93000 	C:\WINDOWS\SYSTEM32\WINMM.dll
0x00007ffea3d40000 - 0x00007ffea3d49000 	C:\WINDOWS\SYSTEM32\WSOCK32.dll
0x00007ffea8980000 - 0x00007ffea89ef000 	C:\WINDOWS\System32\WS2_32.dll
0x00007ffea6e60000 - 0x00007ffea6e78000 	C:\WINDOWS\SYSTEM32\kernel.appcore.dll
0x00007ffea1e90000 - 0x00007ffea1e9a000 	C:\Program Files\Java\jdk-15.0.1\bin\jimage.dll
0x00007ffea5890000 - 0x00007ffea5ab1000 	C:\WINDOWS\SYSTEM32\DBGHELP.DLL
0x00007ffe8c730000 - 0x00007ffe8c761000 	C:\WINDOWS\SYSTEM32\dbgcore.DLL
0x00007ffea86d0000 - 0x00007ffea874f000 	C:\WINDOWS\System32\bcryptPrimitives.dll
0x00007ffe91400000 - 0x00007ffe91425000 	C:\Program Files\Java\jdk-15.0.1\bin\java.dll
0x00007ffea8ec0000 - 0x00007ffea9678000 	C:\WINDOWS\System32\SHELL32.dll
0x00007ffea5ed0000 - 0x00007ffea6738000 	C:\WINDOWS\SYSTEM32\windows.storage.dll
0x00007ffea89f0000 - 0x00007ffea8d69000 	C:\WINDOWS\System32\combase.dll
0x00007ffea5d60000 - 0x00007ffea5ec6000 	C:\WINDOWS\SYSTEM32\wintypes.dll
0x00007ffea9890000 - 0x00007ffea997a000 	C:\WINDOWS\System32\SHCORE.dll
0x00007ffea96f0000 - 0x00007ffea974d000 	C:\WINDOWS\System32\shlwapi.dll
0x00007ffea7cd0000 - 0x00007ffea7cf1000 	C:\WINDOWS\SYSTEM32\profapi.dll
0x00007ffe91210000 - 0x00007ffe91229000 	C:\Program Files\Java\jdk-15.0.1\bin\net.dll
0x00007ffea1b40000 - 0x00007ffea1c4c000 	C:\WINDOWS\SYSTEM32\WINHTTP.dll
0x00007ffea7290000 - 0x00007ffea72f7000 	C:\WINDOWS\system32\mswsock.dll
0x00007ffe911f0000 - 0x00007ffe91202000 	C:\Program Files\Java\jdk-15.0.1\bin\nio.dll
0x00007ffe907b0000 - 0x00007ffe907c8000 	C:\Program Files\Java\jdk-15.0.1\bin\zip.dll
0x00007ffe91910000 - 0x00007ffe91920000 	C:\Program Files\Java\jdk-15.0.1\bin\verify.dll
0x00007ffea0f50000 - 0x00007ffea0f59000 	C:\Program Files\Java\jdk-15.0.1\bin\management.dll
0x00007ffea0f40000 - 0x00007ffea0f4b000 	C:\Program Files\Java\jdk-15.0.1\bin\management_ext.dll
0x00007ffea6990000 - 0x00007ffea69bd000 	C:\WINDOWS\SYSTEM32\IPHLPAPI.DLL
0x00007ffea9880000 - 0x00007ffea9889000 	C:\WINDOWS\System32\NSI.dll
0x00007ffea1690000 - 0x00007ffea16a9000 	C:\WINDOWS\SYSTEM32\dhcpcsvc6.DLL
0x00007ffea2240000 - 0x00007ffea225e000 	C:\WINDOWS\SYSTEM32\dhcpcsvc.DLL
0x00007ffea6a00000 - 0x00007ffea6ae8000 	C:\WINDOWS\SYSTEM32\DNSAPI.dll
0x00007ffe9f1b0000 - 0x00007ffe9f1ba000 	C:\Windows\System32\rasadhlp.dll
0x00007ffe9f080000 - 0x00007ffe9f101000 	C:\WINDOWS\System32\fwpuclnt.dll
0x00007ffe86010000 - 0x00007ffe86027000 	C:\WINDOWS\system32\napinsp.dll
0x00007ffe856a0000 - 0x00007ffe856bb000 	C:\WINDOWS\system32\pnrpnsp.dll
0x00007ffe84f40000 - 0x00007ffe84f52000 	C:\WINDOWS\System32\winrnr.dll
0x00007ffe9f3f0000 - 0x00007ffe9f405000 	C:\WINDOWS\system32\wshbth.dll
0x00007ffe84f20000 - 0x00007ffe84f3f000 	C:\WINDOWS\system32\nlansp_c.dll
0x00007ffea7510000 - 0x00007ffea7528000 	C:\WINDOWS\SYSTEM32\CRYPTSP.dll
0x00007ffea6dc0000 - 0x00007ffea6df5000 	C:\WINDOWS\system32\rsaenh.dll
0x00007ffea73a0000 - 0x00007ffea73c9000 	C:\WINDOWS\SYSTEM32\USERENV.dll
0x00007ffea7690000 - 0x00007ffea76b7000 	C:\WINDOWS\SYSTEM32\bcrypt.dll
0x00007ffea7530000 - 0x00007ffea753c000 	C:\WINDOWS\SYSTEM32\CRYPTBASE.dll
0x00007ffea4ed0000 - 0x00007ffea4edd000 	C:\Program Files\Java\jdk-15.0.1\bin\sunmscapi.dll
0x00007ffea8560000 - 0x00007ffea86c2000 	C:\WINDOWS\System32\CRYPT32.dll
0x00007ffea7660000 - 0x00007ffea7688000 	C:\WINDOWS\SYSTEM32\ncrypt.dll
0x00007ffea7620000 - 0x00007ffea7657000 	C:\WINDOWS\SYSTEM32\NTASN1.dll

dbghelp: loaded successfully - version: 4.0.5 - missing functions: none
symbol engine: initialized successfully - sym options: 0x614 - pdb path: .;C:\Program Files\Java\jdk-15.0.1\bin;C:\WINDOWS\SYSTEM32;C:\WINDOWS\WinSxS\amd64_microsoft.windows.common-controls_6595b64144ccf1df_6.0.22000.120_none_9d947278b86cc467;C:\Program Files\Java\jdk-15.0.1\bin\server

VM Arguments:
jvm_args: -Dfile.encoding=UTF-8 -XX:+ShowCodeDetailsInExceptionMessages 
java_command: com.microservice.reservation.ReservationServiceApplication
java_class_path (initial): C:\Users\hp\eclipse-workspace\Online-Hotel-Management-System Project\Reservation-service\target\classes;C:\Users\hp\.p2\pool\plugins\org.junit_4.13.2.v20211018-1956.jar;C:\Users\hp\.p2\pool\plugins\org.hamcrest.core_1.3.0.v20180420-1519.jar;C:\Users\hp\.m2\repository\org\springframework\boot\spring-boot-starter-data-mongodb\2.5.9\spring-boot-starter-data-mongodb-2.5.9.jar;C:\Users\hp\.m2\repository\org\springframework\boot\spring-boot-starter\2.5.9\spring-boot-starter-2.5.9.jar;C:\Users\hp\.m2\repository\org\springframework\boot\spring-boot-starter-logging\2.5.9\spring-boot-starter-logging-2.5.9.jar;C:\Users\hp\.m2\repository\ch\qos\logback\logback-classic\1.2.10\logback-classic-1.2.10.jar;C:\Users\hp\.m2\repository\ch\qos\logback\logback-core\1.2.10\logback-core-1.2.10.jar;C:\Users\hp\.m2\repository\org\apache\logging\log4j\log4j-to-slf4j\2.17.1\log4j-to-slf4j-2.17.1.jar;C:\Users\hp\.m2\repository\org\apache\logging\log4j\log4j-api\2.17.1\log4j-api-2.17.1.jar;C:\Users\hp\.m2\repository\org\slf4j\jul-to-slf4j\1.7.33\jul-to-slf4j-1.7.33.jar;C:\Users\hp\.m2\repository\jakarta\annotation\jakarta.annotation-api\1.3.5\jakarta.annotation-api-1.3.5.jar;C:\Users\hp\.m2\repository\org\yaml\snakeyaml\1.28\snakeyaml-1.28.jar;C:\Users\hp\.m2\repository\org\mongodb\mongodb-driver-sync\4.2.3\mongodb-driver-sync-4.2.3.jar;C:\Users\hp\.m2\repository\org\mongodb\bson\4.2.3\bson-4.2.3.jar;C:\Users\hp\.m2\repository\org\mongodb\mongodb-driver-core\4.2.3\mongodb-driver-core-4.2.3.jar;C:\Users\hp\.m2\repository\org\springframework\data\spring-data-mongodb\3.2.8\spring-data-mongodb-3.2.8.jar;C:\Users\hp\.m2\repository\org\springframework\spring-tx\5.3.15\spring-tx-5.3.15.jar;C:\Users\hp\.m2\repository\org\springframework\spring-context\5.3.15\spring-context-5.3.15.jar;C:\Users\hp\.m2\repository\org\springframework\spring-beans\5.3.15\spring-beans-5.3.15.jar;C:\Users\hp\.m2\repository\org\springframework\spring-expression\5.3.15\spring-expression-5.3.15.jar;C:
Launcher Type: SUN_STANDARD

[Global flags]
     intx CICompilerCount                          = 4                                         {product} {ergonomic}
     uint ConcGCThreads                            = 2                                         {product} {ergonomic}
     uint G1ConcRefinementThreads                  = 8                                         {product} {ergonomic}
   size_t G1HeapRegionSize                         = 1048576                                   {product} {ergonomic}
    uintx GCDrainStackTargetSize                   = 64                                        {product} {ergonomic}
   size_t InitialHeapSize                          = 67108864                                  {product} {ergonomic}
   size_t MarkStackSize                            = 4194304                                   {product} {ergonomic}
   size_t MaxHeapSize                              = 1042284544                                {product} {ergonomic}
   size_t MaxNewSize                               = 624951296                                 {product} {ergonomic}
   size_t MinHeapDeltaBytes                        = 1048576                                   {product} {ergonomic}
   size_t MinHeapSize                              = 8388608                                   {product} {ergonomic}
    uintx NonNMethodCodeHeapSize                   = 5839372                                {pd product} {ergonomic}
    uintx NonProfiledCodeHeapSize                  = 122909434                              {pd product} {ergonomic}
    uintx ProfiledCodeHeapSize                     = 122909434                              {pd product} {ergonomic}
    uintx ReservedCodeCacheSize                    = 251658240                              {pd product} {ergonomic}
     bool SegmentedCodeCache                       = true                                      {product} {ergonomic}
     bool ShowCodeDetailsInExceptionMessages       = true                                   {manageable} {command line}
   size_t SoftMaxHeapSize                          = 1042284544                             {manageable} {ergonomic}
     bool UseCompressedClassPointers               = true                                 {lp64_product} {ergonomic}
     bool UseCompressedOops                        = true                                 {lp64_product} {ergonomic}
     bool UseG1GC                                  = true                                      {product} {ergonomic}
     bool UseLargePagesIndividualAllocation        = false                                  {pd product} {ergonomic}

Logging:
Log output configuration:
 #0: stdout all=warning uptime,level,tags
 #1: stderr all=off uptime,level,tags

Environment Variables:
JAVA_HOME=C:\Program Files\Java\jdk-15.0.1
PATH=C:\Program Files\Common Files\Oracle\Java\javapath;C:\WINDOWS\system32;C:\WINDOWS;C:\WINDOWS\System32\Wbem;C:\WINDOWS\System32\WindowsPowerShell\v1.0\;C:\WINDOWS\System32\OpenSSH\;c:\Xilinx\bin\nt;C:\Program Files (x86)\Brackets\command;C:\Program Files\Git\cmd;C:\Program Files\nodejs;C:\Program Files\nodejs\;C:\Program Files\Common Files\Autodesk Shared\;C:\Program Files\Microsoft SQL Server\120\Tools\Binn\;C:\Program Files\Docker\Docker\resources\bin;C:\ProgramData\DockerDesktop\version-bin;C:\Program Files\MySQL\MySQL Shell 8.0\bin\;C:\Users\hp\AppData\Local\Microsoft\WindowsApps;c:\altera\11.0sp1\modelsim_ase\win32aloem;C:\Users\hp\AppData\Local\Programs\Microsoft VS Code\bin;C:\Users\hp\AppData\Local\GitHubDesktop\bin;C:\Users\hp\AppData\Local\atom\bin;C:\Users\hp\AppData\Local\Microsoft\WindowsApps;C:\Users\hp\Downloads\mongosh-1.1.9-win32-x64\bin\mongosh.exe;C:\Program Files\MongoDB\Server\5.0\bin;C:\Program Files\Java\jdk-15.0.1\bin;C:\Users\hp\AppData\Roaming\npm;C:\Program Files\Docker Toolbox;C:\Program Files\Docker Toolbox
USERNAME=Aditya
OS=Windows_NT
PROCESSOR_IDENTIFIER=Intel64 Family 6 Model 142 Stepping 12, GenuineIntel



---------------  S Y S T E M  ---------------

OS:
 Windows 10 , 64 bit Build 22000 (10.0.22000.708)
OS uptime: 1 days 7:59 hours
HyperV virtualization detected

CPU: total 8 (initial active 8) (4 cores per cpu, 2 threads per core) family 6 model 142 stepping 12 microcode 0xde, cmov, cx8, fxsr, mmx, sse, sse2, sse3, ssse3, sse4.1, sse4.2, popcnt, vzeroupper, avx, avx2, aes, clmul, erms, 3dnowpref, lzcnt, ht, tsc, tscinvbit, bmi1, bmi2, adx, fma, clflush, clflushopt

Memory: 4k page, system-wide physical 3974M (39M free)
TotalPageFile size 16262M (AvailPageFile size 2M)
current process WorkingSet (physical memory assigned to process): 95M, peak: 208M
current process commit charge ("private bytes"): 275M, peak: 299M

vm_info: Java HotSpot(TM) 64-Bit Server VM (15.0.1+9-18) for windows-amd64 JRE (15.0.1+9-18), built on Sep 15 2020 14:43:54 by "mach5one" with unknown MS VC++:1925

END.
